Determining if the pthread_create exist failed with the following output:
Change Dir: /home/janeqin/code/lidar_img_syn_ws/build/CMakeFiles/CMakeTmp

Run Build Command:"/usr/bin/make" "cmTC_de71a/fast"
/usr/bin/make -f CMakeFiles/cmTC_de71a.dir/build.make CMakeFiles/cmTC_de71a.dir/build
make[1]: Entering directory '/home/janeqin/code/lidar_img_syn_ws/build/CMakeFiles/CMakeTmp'
Building C object CMakeFiles/cmTC_de71a.dir/CheckSymbolExists.c.o
/usr/bin/cc    -o CMakeFiles/cmTC_de71a.dir/CheckSymbolExists.c.o   -c /home/janeqin/code/lidar_img_syn_ws/build/CMakeFiles/CMakeTmp/CheckSymbolExists.c
Linking C executable cmTC_de71a
/home/janeqin/Software/cmake/cmake-3.12.2-Linux-x86_64/bin/cmake -E cmake_link_script CMakeFiles/cmTC_de71a.dir/link.txt --verbose=1
/usr/bin/cc      -rdynamic CMakeFiles/cmTC_de71a.dir/CheckSymbolExists.c.o  -o cmTC_de71a 
CMakeFiles/cmTC_de71a.dir/CheckSymbolExists.c.o: In function `main':
CheckSymbolExists.c:(.text+0x1b): undefined reference to `pthread_create'
collect2: error: ld returned 1 exit status
CMakeFiles/cmTC_de71a.dir/build.make:86: recipe for target 'cmTC_de71a' failed
make[1]: *** [cmTC_de71a] Error 1
make[1]: Leaving directory '/home/janeqin/code/lidar_img_syn_ws/build/CMakeFiles/CMakeTmp'
Makefile:121: recipe for target 'cmTC_de71a/fast' failed
make: *** [cmTC_de71a/fast] Error 2

File /home/janeqin/code/lidar_img_syn_ws/build/CMakeFiles/CMakeTmp/CheckSymbolExists.c:
/* */
#include <pthread.h>

int main(int argc, char** argv)
{
  (void)argv;
#ifndef pthread_create
  return ((int*)(&pthread_create))[argc];
#else
  (void)argc;
  return 0;
#endif
}

Determining if the function pthread_create exists in the pthreads failed with the following output:
Change Dir: /home/janeqin/code/lidar_img_syn_ws/build/CMakeFiles/CMakeTmp

Run Build Command:"/usr/bin/make" "cmTC_e7090/fast"
/usr/bin/make -f CMakeFiles/cmTC_e7090.dir/build.make CMakeFiles/cmTC_e7090.dir/build
make[1]: Entering directory '/home/janeqin/code/lidar_img_syn_ws/build/CMakeFiles/CMakeTmp'
Building C object CMakeFiles/cmTC_e7090.dir/CheckFunctionExists.c.o
/usr/bin/cc   -DCHECK_FUNCTION_EXISTS=pthread_create   -o CMakeFiles/cmTC_e7090.dir/CheckFunctionExists.c.o   -c /home/janeqin/Software/cmake/cmake-3.12.2-Linux-x86_64/share/cmake-3.12/Modules/CheckFunctionExists.c
Linking C executable cmTC_e7090
/home/janeqin/Software/cmake/cmake-3.12.2-Linux-x86_64/bin/cmake -E cmake_link_script CMakeFiles/cmTC_e7090.dir/link.txt --verbose=1
/usr/bin/cc  -DCHECK_FUNCTION_EXISTS=pthread_create    -rdynamic CMakeFiles/cmTC_e7090.dir/CheckFunctionExists.c.o  -o cmTC_e7090 -lpthreads 
/usr/bin/ld: cannot find -lpthreads
collect2: error: ld returned 1 exit status
CMakeFiles/cmTC_e7090.dir/build.make:86: recipe for target 'cmTC_e7090' failed
make[1]: *** [cmTC_e7090] Error 1
make[1]: Leaving directory '/home/janeqin/code/lidar_img_syn_ws/build/CMakeFiles/CMakeTmp'
Makefile:121: recipe for target 'cmTC_e7090/fast' failed
make: *** [cmTC_e7090/fast] Error 2


